18:36:54.481  INFO  manager.ApplicationManager - Chrome Driver was opened
18:36:57.613  INFO  manager.ApplicationManager - Current URL is -->https://ilcarro-1578153671498.web.app/search
18:36:57.723  INFO  manager.ListenerWD - Before Find Element By -->By.id: city
18:36:57.812  INFO  manager.ListenerWD - After Find Element By -->By.id: city
18:36:58.280  INFO  manager.ListenerWD - Before Find Element By -->By.cssSelector: div.pac-item
18:36:58.648  INFO  manager.ListenerWD - After Find Element By -->By.cssSelector: div.pac-item
18:36:58.757  INFO  manager.ListenerWD - Before Find Element By -->By.id: dates
18:36:58.959  INFO  manager.ListenerWD - After Find Element By -->By.id: dates
18:36:59.298  INFO  manager.HelperBase - year --> 2022
18:36:59.301  INFO  manager.HelperBase - Day  of Month -->24
18:36:59.302  INFO  manager.HelperBase - Month value -->10
18:36:59.303  INFO  manager.ListenerWD - Before Find Element By -->By.cssSelector: button[aria-label='Next month']
18:36:59.389  INFO  manager.ListenerWD - After Find Element By -->By.cssSelector: button[aria-label='Next month']
18:36:59.560  INFO  manager.ListenerWD - Before Find Element By -->By.cssSelector: button[aria-label='Next month']
18:36:59.655  INFO  manager.ListenerWD - After Find Element By -->By.cssSelector: button[aria-label='Next month']
18:36:59.790  INFO  manager.ListenerWD - Before Find Element By -->By.xpath: //div[text()=' 20 ']
18:36:59.838  INFO  manager.ListenerWD - After Find Element By -->By.xpath: //div[text()=' 20 ']
18:37:00.016  INFO  manager.ListenerWD - Before Find Element By -->By.cssSelector: button[aria-label='Next month']
18:37:00.055  INFO  manager.ListenerWD - After Find Element By -->By.cssSelector: button[aria-label='Next month']
18:37:00.170  INFO  manager.ListenerWD - Before Find Element By -->By.xpath: //div[text()=' 18 ']
18:37:00.214  INFO  manager.ListenerWD - After Find Element By -->By.xpath: //div[text()=' 18 ']
18:37:00.414  INFO  manager.ListenerWD - Before Find Element By -->By.cssSelector: button[type='submit']
18:37:00.503  INFO  manager.ListenerWD - After Find Element By -->By.cssSelector: button[type='submit']
18:37:00.746  INFO  manager.ListenerWD - Before Find Element By -->By.cssSelector: button[type='submit']
18:37:00.782  INFO  manager.ListenerWD - After Find Element By -->By.cssSelector: button[type='submit']
18:37:01.035  INFO  manager.ListenerWD - Before Find Elements By -->By.cssSelector: .cars-container.ng-star-inserted
18:37:02.205  INFO  manager.ListenerWD - After Find Elements By -->By.cssSelector: .cars-container.ng-star-inserted
18:37:02.213  INFO  manager.ListenerWD - List size is -->1
18:37:02.232  INFO  manager.ListenerWD - Before Find Element By -->By.id: city
18:37:02.263  INFO  manager.ListenerWD - After Find Element By -->By.id: city
18:37:02.662  INFO  manager.ListenerWD - Before Find Element By -->By.cssSelector: div.pac-item
18:37:02.743  INFO  manager.ListenerWD - After Find Element By -->By.cssSelector: div.pac-item
18:37:02.832  INFO  manager.ListenerWD - Before Find Element By -->By.id: dates
18:37:07.893  INFO  manager.ListenerWD - We have a 'problem'
18:37:07.894  INFO  manager.ListenerWD - The name of error method  findElement
18:37:07.899  INFO  manager.ListenerWD - Describe of error org.openqa.selenium.NoSuchElementException: no such element: Unable to locate element: {"method":"css selector","selector":"#dates"}
  (Session info: chrome=106.0.5249.119)
For documentation on this error, please visit: https://selenium.dev/exceptions/#no_such_element
Build info: version: '4.4.0', revision: 'e5c75ed026a'
System info: host: 'DESKTOP-EVABS4F', ip: '192.168.1.138', os.name: 'Windows 11', os.arch: 'amd64', os.version: '10.0', java.version: '11.0.16.1'
Driver info: org.openqa.selenium.chrome.ChromeDriver
Command: [c2a6769703cfc54a2a85684d2691bffb, findElement {using=id, value=dates}]
Capabilities {acceptInsecureCerts: false, browserName: chrome, browserVersion: 106.0.5249.119, chrome: {chromedriverVersion: 106.0.5249.61 (511755355844..., userDataDir: C:\Users\evnik\AppData\Loca...}, goog:chromeOptions: {debuggerAddress: localhost:55208}, networkConnectionEnabled: false, pageLoadStrategy: normal, platformName: WINDOWS, proxy: Proxy(), se:cdp: ws://localhost:55208/devtoo..., se:cdpVersion: 106.0.5249.119, setWindowRect: true, strictFileInteractability: false, timeouts: {implicit: 0, pageLoad: 300000, script: 30000}, unhandledPromptBehavior: dismiss and notify, webauthn:extension:credBlob: true, webauthn:extension:largeBlob: true, webauthn:virtualAuthenticators: true}
Session ID: c2a6769703cfc54a2a85684d2691bffb
18:37:07.900  INFO  manager.ListenerWD - *********************
18:37:07.900  INFO  manager.ListenerWD - ChromeDriver: chrome on WINDOWS (c2a6769703cfc54a2a85684d2691bffb)
18:37:07.905  INFO  manager.ListenerWD - Screen with error is 1849   src/test/screenshots1849.png
18:37:08.447  INFO  manager.ListenerWD - Before Find Element By -->By.id: city
18:37:08.475  INFO  manager.ListenerWD - After Find Element By -->By.id: city
18:37:08.771  INFO  manager.ListenerWD - Before Find Element By -->By.cssSelector: div.pac-item
18:37:08.806  INFO  manager.ListenerWD - After Find Element By -->By.cssSelector: div.pac-item
18:37:08.883  INFO  manager.ListenerWD - Before Find Element By -->By.id: dates
18:37:13.950  INFO  manager.ListenerWD - We have a 'problem'
18:37:13.951  INFO  manager.ListenerWD - The name of error method  findElement
18:37:13.953  INFO  manager.ListenerWD - Describe of error org.openqa.selenium.NoSuchElementException: no such element: Unable to locate element: {"method":"css selector","selector":"#dates"}
  (Session info: chrome=106.0.5249.119)
For documentation on this error, please visit: https://selenium.dev/exceptions/#no_such_element
Build info: version: '4.4.0', revision: 'e5c75ed026a'
System info: host: 'DESKTOP-EVABS4F', ip: '192.168.1.138', os.name: 'Windows 11', os.arch: 'amd64', os.version: '10.0', java.version: '11.0.16.1'
Driver info: org.openqa.selenium.chrome.ChromeDriver
Command: [c2a6769703cfc54a2a85684d2691bffb, findElement {using=id, value=dates}]
Capabilities {acceptInsecureCerts: false, browserName: chrome, browserVersion: 106.0.5249.119, chrome: {chromedriverVersion: 106.0.5249.61 (511755355844..., userDataDir: C:\Users\evnik\AppData\Loca...}, goog:chromeOptions: {debuggerAddress: localhost:55208}, networkConnectionEnabled: false, pageLoadStrategy: normal, platformName: WINDOWS, proxy: Proxy(), se:cdp: ws://localhost:55208/devtoo..., se:cdpVersion: 106.0.5249.119, setWindowRect: true, strictFileInteractability: false, timeouts: {implicit: 0, pageLoad: 300000, script: 30000}, unhandledPromptBehavior: dismiss and notify, webauthn:extension:credBlob: true, webauthn:extension:largeBlob: true, webauthn:virtualAuthenticators: true}
Session ID: c2a6769703cfc54a2a85684d2691bffb
18:37:13.956  INFO  manager.ListenerWD - *********************
18:37:13.958  INFO  manager.ListenerWD - ChromeDriver: chrome on WINDOWS (c2a6769703cfc54a2a85684d2691bffb)
18:37:13.959  INFO  manager.ListenerWD - Screen with error is 1881   src/test/screenshots1881.png
18:37:14.263  INFO  manager.ListenerWD - Before Find Element By -->By.id: city
18:37:14.326  INFO  manager.ListenerWD - After Find Element By -->By.id: city
18:37:14.574  INFO  manager.ListenerWD - Before Find Element By -->By.cssSelector: div.pac-item
18:37:14.862  INFO  manager.ListenerWD - After Find Element By -->By.cssSelector: div.pac-item
18:37:14.993  INFO  manager.ListenerWD - Before Find Element By -->By.id: dates
18:37:20.042  INFO  manager.ListenerWD - We have a 'problem'
18:37:20.043  INFO  manager.ListenerWD - The name of error method  findElement
18:37:20.044  INFO  manager.ListenerWD - Describe of error org.openqa.selenium.NoSuchElementException: no such element: Unable to locate element: {"method":"css selector","selector":"#dates"}
  (Session info: chrome=106.0.5249.119)
For documentation on this error, please visit: https://selenium.dev/exceptions/#no_such_element
Build info: version: '4.4.0', revision: 'e5c75ed026a'
System info: host: 'DESKTOP-EVABS4F', ip: '192.168.1.138', os.name: 'Windows 11', os.arch: 'amd64', os.version: '10.0', java.version: '11.0.16.1'
Driver info: org.openqa.selenium.chrome.ChromeDriver
Command: [c2a6769703cfc54a2a85684d2691bffb, findElement {using=id, value=dates}]
Capabilities {acceptInsecureCerts: false, browserName: chrome, browserVersion: 106.0.5249.119, chrome: {chromedriverVersion: 106.0.5249.61 (511755355844..., userDataDir: C:\Users\evnik\AppData\Loca...}, goog:chromeOptions: {debuggerAddress: localhost:55208}, networkConnectionEnabled: false, pageLoadStrategy: normal, platformName: WINDOWS, proxy: Proxy(), se:cdp: ws://localhost:55208/devtoo..., se:cdpVersion: 106.0.5249.119, setWindowRect: true, strictFileInteractability: false, timeouts: {implicit: 0, pageLoad: 300000, script: 30000}, unhandledPromptBehavior: dismiss and notify, webauthn:extension:credBlob: true, webauthn:extension:largeBlob: true, webauthn:virtualAuthenticators: true}
Session ID: c2a6769703cfc54a2a85684d2691bffb
18:37:20.048  INFO  manager.ListenerWD - *********************
18:37:20.050  INFO  manager.ListenerWD - ChromeDriver: chrome on WINDOWS (c2a6769703cfc54a2a85684d2691bffb)
18:37:20.050  INFO  manager.ListenerWD - Screen with error is 1338   src/test/screenshots1338.png
